<?xml version="1.0" encoding="UTF-8"?>
<testng-results ignored="0" total="1" passed="1" failed="0" skipped="0">
  <reporter-output>
  </reporter-output>
  <suite started-at="2024-08-24T15:57:26 IST" name="Suite" finished-at="2024-08-24T15:57:55 IST" duration-ms="28550">
    <groups>
    </groups>
    <test started-at="2024-08-24T15:57:26 IST" name="Test" finished-at="2024-08-24T15:57:55 IST" duration-ms="28550">
      <class name="testCases.TC001_AccountRegistration">
        <test-method is-config="true" signature="setUp(java.lang.String)[pri:0, instance:testCases.TC001_AccountRegistration@1040be71]" started-at="2024-08-24T15:57:26 IST" name="setUp" finished-at="2024-08-24T15:57:42 IST" duration-ms="15824" status="PASS">
          <params>
            <param index="0">
              <value>
                <![CDATA[chrome]]>
              </value>
            </param>
          </params>
          <reporter-output>
          </reporter-output>
        </test-method> <!-- setUp -->
        <test-method signature="verifiy_Regerstration()[pri:0, instance:testCases.TC001_AccountRegistration@1040be71]" started-at="2024-08-24T15:57:42 IST" name="verifiy_Regerstration" finished-at="2024-08-24T15:57:55 IST" duration-ms="12327" status="PASS">
          <reporter-output>
          </reporter-output>
        </test-method> <!-- verifiy_Regerstration -->
        <test-method is-config="true" signature="tearDown()[pri:0, instance:testCases.TC001_AccountRegistration@1040be71]" started-at="2024-08-24T15:57:55 IST" name="tearDown" finished-at="2024-08-24T15:57:55 IST" duration-ms="128" status="PASS">
          <reporter-output>
          </reporter-output>
        </test-method> <!-- tearDown -->
      </class> <!-- testCases.TC001_AccountRegistration -->
    </test> <!-- Test -->
  </suite> <!-- Suite -->
</testng-results>
